#
# A fatal error has been detected by the Java Runtime Environment:
#
#  EXCEPTION_ACCESS_VIOLATION (0xc0000005) at pc=0x000000005c3cf750, pid=13700, tid=0x0000000000001a5c
#
# JRE version: OpenJDK Runtime Environment (8.0_202-b03) (build 1.8.0_202-release-1483-b03)
# Java VM: OpenJDK 64-Bit Server VM (25.202-b03 mixed mode windows-amd64 compressed oops)
# Problematic frame:
# V  [jvm.dll+0x46f750]
#
# Failed to write core dump. Minidumps are not enabled by default on client versions of Windows
#
# If you would like to submit a bug report, please visit:
#   http://bugreport.java.com/bugreport/crash.jsp
#

---------------  T H R E A D  ---------------

Current thread (0x0000000018bb0800):  JavaThread "C2 CompilerThread1" daemon [_thread_in_native, id=6748, stack(0x0000000019580000,0x0000000019680000)]

siginfo: ExceptionCode=0xc0000005, reading address 0x000000003f393980

Registers:
RAX=0x0000000000000000, RBX=0x00000000200eb5a0, RCX=0x000000003f393980, RDX=0x0000000000000000
RSP=0x000000001967c280, RBP=0x0000000000000012, RSI=0x0000000000000090, RDI=0x000000001967c2d0
R8 =0x0000000000000008, R9 =0x000000001f7b4560, R10=0x000000000007b600, R11=0x000000001fdf7450
R12=0x00000000001f19e0, R13=0x0000000018bf2180, R14=0x000000005bf60000, R15=0x00000000000003d8
RIP=0x000000005c3cf750, EFLAGS=0x0000000000010246

Top of Stack: (sp=0x000000001967c280)
0x000000001967c280:   0000000018bf2180 000000001d301e00
0x000000001967c290:   0000000000000000 000000001967c5b0
0x000000001967c2a0:   000000001967c4e0 000000005c3cb190
0x000000001967c2b0:   000000001ff38ad0 00000000200eb5a0
0x000000001967c2c0:   00000000000031c3 000000000000018e
0x000000001967c2d0:   000011a500000000 0000000000000006
0x000000001967c2e0:   000000003f393980 0000000000000012
0x000000001967c2f0:   000000001ec935c0 0000000000000039
0x000000001967c300:   000000001ff38a30 000000001ff8f050
0x000000001967c310:   0000000018bf2558 0000000018bf2180
0x000000001967c320:   0000000000000000 000000005c394251
0x000000001967c330:   000000001967c7d0 0000000000000000
0x000000001967c340:   000000005bf60000 00000000000031c3
0x000000001967c350:   000031c800000000 0000000000000008
0x000000001967c360:   000000001f393a20 0000000000000039
0x000000001967c370:   000000001ec93788 0000000000000039 

Instructions: (pc=0x000000005c3cf750)
0x000000005c3cf730:   48 8b 4f 20 48 39 04 0e 0f 84 9d 00 00 00 48 8b
0x000000005c3cf740:   0c 0e 33 d2 33 c0 48 89 4f 10 66 0f 1f 44 00 00
0x000000005c3cf750:   83 3c 08 00 0f 85 36 01 00 00 ff c2 48 83 c0 04
0x000000005c3cf760:   83 fa 08 72 eb 48 8b 47 30 48 89 44 24 30 48 85 


Register to memory mapping:

RAX=0x0000000000000000 is an unknown value
RBX=0x00000000200eb5a0 is an unknown value
RCX=0x000000003f393980 is an unknown value
RDX=0x0000000000000000 is an unknown value
RSP=0x000000001967c280 is pointing into the stack for thread: 0x0000000018bb0800
RBP=0x0000000000000012 is an unknown value
RSI=0x0000000000000090 is an unknown value
RDI=0x000000001967c2d0 is pointing into the stack for thread: 0x0000000018bb0800
R8 =0x0000000000000008 is an unknown value
R9 =0x000000001f7b4560 is an unknown value
R10=0x000000000007b600 is an unknown value
R11=0x000000001fdf7450 is an unknown value
R12=0x00000000001f19e0 is an unknown value
R13=0x0000000018bf2180 is an unknown value
R14=0x000000005bf60000 is an unknown value
R15=0x00000000000003d8 is an unknown value


Stack: [0x0000000019580000,0x0000000019680000],  sp=0x000000001967c280,  free space=1008k
Native frames: (J=compiled Java code, j=interpreted, Vv=VM code, C=native code)
V  [jvm.dll+0x46f750]
V  [jvm.dll+0x46b190]
V  [jvm.dll+0x434251]
V  [jvm.dll+0x436de4]
V  [jvm.dll+0x4419bb]
V  [jvm.dll+0x4442b8]
V  [jvm.dll+0x4273d2]
V  [jvm.dll+0x8215f]
V  [jvm.dll+0x82abf]
V  [jvm.dll+0x21db7f]
V  [jvm.dll+0x26f5ba]
C  [msvcr100.dll+0x21d9f]
C  [msvcr100.dll+0x21e3b]
C  [KERNEL32.DLL+0x17bd4]
C  [ntdll.dll+0x6ced1]


Current CompileTask:
C2:   2036 1365       4       java.net.URLClassLoader$1::run (5 bytes)


---------------  P R O C E S S  ---------------

Java Threads: ( => current thread )
  0x000000001af94000 JavaThread "Cache worker for file hash cache (D:\Studies\TE\TE-Ambassador-master (3)\TE-Ambassador-master\.gradle\5.4.1\fileHashes)" [_thread_blocked, id=17212, stack(0x000000001fc40000,0x000000001fd40000)]
  0x000000001af97000 JavaThread "Cache worker for journal cache (C:\Users\navde\.gradle\caches\journal-1)" [_thread_blocked, id=5612, stack(0x000000001c7d0000,0x000000001c8d0000)]
  0x000000001af96800 JavaThread "File lock request listener" [_thread_in_native, id=16868, stack(0x000000001c6d0000,0x000000001c7d0000)]
  0x000000001afd3000 JavaThread "Cache worker for file hash cache (C:\Users\navde\.gradle\caches\5.4.1\fileHashes)" [_thread_blocked, id=9304, stack(0x000000001c5d0000,0x000000001c6d0000)]
  0x000000001ac33800 JavaThread "Thread-9" [_thread_blocked, id=13472, stack(0x000000001c4d0000,0x000000001c5d0000)]
  0x000000001b09d800 JavaThread "Stdin handler" [_thread_blocked, id=3212, stack(0x000000001c3d0000,0x000000001c4d0000)]
  0x000000001ac2b000 JavaThread "Asynchronous log dispatcher for DefaultDaemonConnection: socket connection from /127.0.0.1:52461 to /127.0.0.1:52462" [_thread_blocked, id=15096, stack(0x000000001c1d0000,0x000000001c2d0000)]
  0x000000001ac2b800 JavaThread "Daemon worker" [_thread_in_vm, id=428, stack(0x000000001c0d0000,0x000000001c1d0000)]
  0x000000001b0a1800 JavaThread "Cancel handler" [_thread_blocked, id=9092, stack(0x000000001bfd0000,0x000000001c0d0000)]
  0x000000001a9f4000 JavaThread "Handler for socket connection from /127.0.0.1:52461 to /127.0.0.1:52462" [_thread_in_native, id=14124, stack(0x000000001bcd0000,0x000000001bdd0000)]
  0x000000001a9f1000 JavaThread "Daemon" [_thread_blocked, id=8804, stack(0x000000001bbd0000,0x000000001bcd0000)]
  0x000000001a9a2000 JavaThread "Daemon periodic checks" [_thread_blocked, id=16668, stack(0x000000001bad0000,0x000000001bbd0000)]
  0x000000001a98b000 JavaThread "Incoming local TCP Connector on port 52461" [_thread_in_native, id=9488, stack(0x000000001b890000,0x000000001b990000)]
  0x000000001a8a3800 JavaThread "Daemon health stats" [_thread_blocked, id=8300, stack(0x000000001b250000,0x000000001b350000)]
  0x0000000018c45000 JavaThread "Service Thread" daemon [_thread_blocked, id=256, stack(0x0000000019880000,0x0000000019980000)]
  0x0000000016dbe000 JavaThread "C1 CompilerThread3" daemon [_thread_blocked, id=12284, stack(0x0000000019780000,0x0000000019880000)]
  0x0000000018bb3000 JavaThread "C2 CompilerThread2" daemon [_thread_in_native, id=5848, stack(0x0000000019680000,0x0000000019780000)]
=>0x0000000018bb0800 JavaThread "C2 CompilerThread1" daemon [_thread_in_native, id=6748, stack(0x0000000019580000,0x0000000019680000)]
  0x0000000018bae800 JavaThread "C2 CompilerThread0" daemon [_thread_in_native, id=7016, stack(0x0000000019480000,0x0000000019580000)]
  0x0000000018baa800 JavaThread "Attach Listener" daemon [_thread_blocked, id=7424, stack(0x0000000019380000,0x0000000019480000)]
  0x0000000018bb6000 JavaThread "Signal Dispatcher" daemon [_thread_blocked, id=6432, stack(0x0000000019280000,0x0000000019380000)]
  0x0000000002fee000 JavaThread "Finalizer" daemon [_thread_blocked, id=2824, stack(0x0000000019080000,0x0000000019180000)]
  0x0000000016dac800 JavaThread "Reference Handler" daemon [_thread_blocked, id=1808, stack(0x0000000018f80000,0x0000000019080000)]
  0x0000000002ef2800 JavaThread "main" [_thread_blocked, id=18332, stack(0x0000000002df0000,0x0000000002ef0000)]

Other Threads:
  0x0000000016da8000 VMThread [stack: 0x0000000018a80000,0x0000000018b80000] [id=6552]
  0x0000000018c45800 WatcherThread [stack: 0x0000000019980000,0x0000000019a80000] [id=8476]

VM state:not at safepoint (normal execution)

VM Mutex/Monitor currently owned by a thread: None

heap address: 0x00000000a0000000, size: 1536 MB, Compressed Oops mode: 32-bit
Narrow klass base: 0x0000000000000000, Narrow klass shift: 3
Compressed class space size: 1073741824 Address: 0x0000000100000000

Heap:
 PSYoungGen      total 114688K, used 89100K [0x00000000e0000000, 0x00000000e8000000, 0x0000000100000000)
  eden space 98304K, 81% used [0x00000000e0000000,0x00000000e4de8180,0x00000000e6000000)
  from space 16384K, 56% used [0x00000000e6000000,0x00000000e691b038,0x00000000e7000000)
  to   space 16384K, 0% used [0x00000000e7000000,0x00000000e7000000,0x00000000e8000000)
 ParOldGen       total 262144K, used 16K [0x00000000a0000000, 0x00000000b0000000, 0x00000000e0000000)
  object space 262144K, 0% used [0x00000000a0000000,0x00000000a0004000,0x00000000b0000000)
 Metaspace       used 18573K, capacity 19048K, committed 19328K, reserved 1064960K
  class space    used 2696K, capacity 2894K, committed 2944K, reserved 1048576K

Card table byte_map: [0x00000000123b0000,0x00000000126c0000] byte_map_base: 0x0000000011eb0000

Marking Bits: (ParMarkBitMap*) 0x000000005c729f30
 Begin Bits: [0x00000000130c0000, 0x00000000148c0000)
 End Bits:   [0x00000000148c0000, 0x00000000160c0000)

Polling page: 0x0000000001020000

CodeCache: size=245760Kb used=5398Kb max_used=5413Kb free=240361Kb
 bounds [0x0000000002ff0000, 0x0000000003540000, 0x0000000011ff0000]
 total_blobs=2021 nmethods=1611 adapters=323
 compilation: enabled

Compilation events (10 events):
Event: 1.996 Thread 0x0000000016dbe000 nmethod 1584 0x0000000003529090 code [0x0000000003529200, 0x0000000003529410]
Event: 1.996 Thread 0x0000000016dbe000 1586       3       java.util.concurrent.locks.AbstractQueuedSynchronizer::compareAndSetState (13 bytes)
Event: 1.996 Thread 0x0000000016dbe000 nmethod 1586 0x0000000003529510 code [0x0000000003529660, 0x00000000035297d0]
Event: 1.998 Thread 0x0000000016dbe000 1587       3       sun.nio.fs.WindowsPathParser::isInvalidPathChar (22 bytes)
Event: 1.998 Thread 0x0000000016dbe000 nmethod 1587 0x0000000003529850 code [0x00000000035299c0, 0x0000000003529d28]
Event: 1.998 Thread 0x0000000016dbe000 1588       1       java.lang.Integer::intValue (5 bytes)
Event: 1.998 Thread 0x0000000016dbe000 nmethod 1588 0x0000000003529e10 code [0x0000000003529f60, 0x000000000352a070]
Event: 1.998 Thread 0x0000000016dbe000 1589       3       java.util.concurrent.locks.ReentrantLock$Sync::tryRelease (45 bytes)
Event: 1.998 Thread 0x0000000016dbe000 nmethod 1589 0x000000000352a0d0 code [0x000000000352a260, 0x000000000352a808]
Event: 2.000 Thread 0x0000000016dbe000 1590       3       sun.security.provider.MD5::FF (33 bytes)

GC Heap History (2 events):
Event: 1.512 GC heap before
{Heap before GC invocations=1 (full 0):
 PSYoungGen      total 114688K, used 98304K [0x00000000e0000000, 0x00000000e8000000, 0x0000000100000000)
  eden space 98304K, 100% used [0x00000000e0000000,0x00000000e6000000,0x00000000e6000000)
  from space 16384K, 0% used [0x00000000e7000000,0x00000000e7000000,0x00000000e8000000)
  to   space 16384K, 0% used [0x00000000e6000000,0x00000000e6000000,0x00000000e7000000)
 ParOldGen       total 262144K, used 0K [0x00000000a0000000, 0x00000000b0000000, 0x00000000e0000000)
  object space 262144K, 0% used [0x00000000a0000000,0x00000000a0000000,0x00000000b0000000)
 Metaspace       used 12304K, capacity 12746K, committed 12928K, reserved 1060864K
  class space    used 1670K, capacity 1803K, committed 1920K, reserved 1048576K
Event: 1.520 GC heap after
Heap after GC invocations=1 (full 0):
 PSYoungGen      total 114688K, used 9324K [0x00000000e0000000, 0x00000000e8000000, 0x0000000100000000)
  eden space 98304K, 0% used [0x00000000e0000000,0x00000000e0000000,0x00000000e6000000)
  from space 16384K, 56% used [0x00000000e6000000,0x00000000e691b038,0x00000000e7000000)
  to   space 16384K, 0% used [0x00000000e7000000,0x00000000e7000000,0x00000000e8000000)
 ParOldGen       total 262144K, used 16K [0x00000000a0000000, 0x00000000b0000000, 0x00000000e0000000)
  object space 262144K, 0% used [0x00000000a0000000,0x00000000a0004000,0x00000000b0000000)
 Metaspace       used 12304K, capacity 12746K, committed 12928K, reserved 1060864K
  class space    used 1670K, capacity 1803K, committed 1920K, reserved 1048576K
}

Deoptimization events (10 events):
Event: 1.523 Thread 0x0000000002fee000 Uncommon trap: reason=unstable_if action=reinterpret pc=0x0000000003440e5c method=java.lang.ref.ReferenceQueue.poll()Ljava/lang/ref/Reference; @ 4
Event: 1.596 Thread 0x000000001ac2b800 Uncommon trap: reason=class_check action=maybe_recompile pc=0x00000000032b3558 method=java.util.regex.Matcher.match(II)Z @ 86
Event: 1.604 Thread 0x000000001ac2b800 Uncommon trap: reason=class_check action=maybe_recompile pc=0x00000000032b3558 method=java.util.regex.Matcher.match(II)Z @ 86
Event: 1.605 Thread 0x000000001ac2b800 Uncommon trap: reason=class_check action=maybe_recompile pc=0x00000000032b3558 method=java.util.regex.Matcher.match(II)Z @ 86
Event: 1.605 Thread 0x000000001ac2b800 Uncommon trap: reason=class_check action=maybe_recompile pc=0x0000000003273c9c method=java.util.regex.Matcher.match(II)Z @ 86
Event: 1.737 Thread 0x000000001ac2b800 Uncommon trap: reason=unstable_if action=reinterpret pc=0x000000000337bff4 method=java.lang.String.lastIndexOf([CII[CIII)I @ 66
Event: 1.929 Thread 0x000000001ac2b800 Uncommon trap: reason=unstable_if action=reinterpret pc=0x000000000314f7c8 method=java.net.URI.match(CJJ)Z @ 19
Event: 1.930 Thread 0x000000001ac2b800 Uncommon trap: reason=unstable_if action=reinterpret pc=0x0000000003247240 method=java.net.URI.match(CJJ)Z @ 19
Event: 1.930 Thread 0x000000001ac2b800 Uncommon trap: reason=unstable_if action=reinterpret pc=0x000000000314e748 method=java.net.URI.match(CJJ)Z @ 19
Event: 1.958 Thread 0x000000001ac2b800 Uncommon trap: reason=unstable_if action=reinterpret pc=0x00000000032b5c58 method=java.io.File.getName()Ljava/lang/String; @ 16

Classes redefined (0 events):
No events

Internal exceptions (10 events):
Event: 1.441 Thread 0x000000001a9f4000 Exception <a 'java/lang/NoSuchMethodError': <clinit>> (0x00000000e53edc48) thrown at [D:\src\AOSP-openjdk-cygwin\jdk8u\hotspot\src\share\vm\prims\jni.cpp, line 1614]
Event: 1.442 Thread 0x000000001a9f4000 Exception <a 'java/lang/NoSuchMethodError': <clinit>> (0x00000000e54041f8) thrown at [D:\src\AOSP-openjdk-cygwin\jdk8u\hotspot\src\share\vm\prims\jni.cpp, line 1614]
Event: 1.447 Thread 0x000000001a9f4000 Exception <a 'java/lang/NoSuchMethodError': <clinit>> (0x00000000e5461978) thrown at [D:\src\AOSP-openjdk-cygwin\jdk8u\hotspot\src\share\vm\prims\jni.cpp, line 1614]
Event: 1.450 Thread 0x000000001a9f4000 Exception <a 'java/lang/NoSuchMethodError': <clinit>> (0x00000000e548e6e8) thrown at [D:\src\AOSP-openjdk-cygwin\jdk8u\hotspot\src\share\vm\prims\jni.cpp, line 1614]
Event: 1.452 Thread 0x000000001a9f4000 Exception <a 'java/lang/NoSuchMethodError': <clinit>> (0x00000000e54bc5d0) thrown at [D:\src\AOSP-openjdk-cygwin\jdk8u\hotspot\src\share\vm\prims\jni.cpp, line 1614]
Event: 1.453 Thread 0x000000001a9f4000 Exception <a 'java/lang/NoSuchMethodError': <clinit>> (0x00000000e54c79d8) thrown at [D:\src\AOSP-openjdk-cygwin\jdk8u\hotspot\src\share\vm\prims\jni.cpp, line 1614]
Event: 1.964 Thread 0x000000001ac33800 Exception <a 'java/lang/NoSuchMethodError': <clinit>> (0x00000000e4472128) thrown at [D:\src\AOSP-openjdk-cygwin\jdk8u\hotspot\src\share\vm\prims\jni.cpp, line 1614]
Event: 1.965 Thread 0x000000001ac33800 Exception <a 'java/lang/NoSuchMethodError': <clinit>> (0x00000000e4474510) thrown at [D:\src\AOSP-openjdk-cygwin\jdk8u\hotspot\src\share\vm\prims\jni.cpp, line 1614]
Event: 1.965 Thread 0x000000001ac33800 Exception <a 'java/lang/NoSuchMethodError': <clinit>> (0x00000000e447e348) thrown at [D:\src\AOSP-openjdk-cygwin\jdk8u\hotspot\src\share\vm\prims\jni.cpp, line 1614]
Event: 1.966 Thread 0x000000001ac33800 Exception <a 'java/lang/NoSuchMethodError': <clinit>> (0x00000000e448d508) thrown at [D:\src\AOSP-openjdk-cygwin\jdk8u\hotspot\src\share\vm\prims\jni.cpp, line 1614]

Events (10 events):
Event: 1.997 loading class com/google/common/util/concurrent/AbstractFuture$Cancellation
Event: 1.997 loading class com/google/common/util/concurrent/AbstractFuture$Cancellation done
Event: 1.997 loading class com/google/common/util/concurrent/AbstractFuture$Failure
Event: 1.997 loading class com/google/common/util/concurrent/AbstractFuture$Failure done
Event: 1.998 loading class sun/nio/fs/WindowsPath$1
Event: 1.998 loading class sun/nio/fs/WindowsPath$1 done
Event: 1.998 loading class org/gradle/cache/internal/AsyncCacheAccessDecoratedCache$2
Event: 1.998 loading class org/gradle/cache/internal/AsyncCacheAccessDecoratedCache$2 done
Event: 1.999 loading class org/gradle/cache/internal/DefaultMultiProcessSafePersistentIndexedCache$2
Event: 1.999 loading class org/gradle/cache/internal/DefaultMultiProcessSafePersistentIndexedCache$2 done


Dynamic libraries:
0x00007ff7a1c10000 - 0x00007ff7a1c41000 	C:\Program Files\Android\Android Studio\jre\bin\java.exe
0x00007ffa4e480000 - 0x00007ffa4e670000 	C:\WINDOWS\SYSTEM32\ntdll.dll
0x00007ffa4da80000 - 0x00007ffa4db32000 	C:\WINDOWS\System32\KERNEL32.DLL
0x00007ffa4b6f0000 - 0x00007ffa4b993000 	C:\WINDOWS\System32\KERNELBASE.dll
0x00007ffa4ccc0000 - 0x00007ffa4cd63000 	C:\WINDOWS\System32\ADVAPI32.dll
0x00007ffa4c780000 - 0x00007ffa4c81e000 	C:\WINDOWS\System32\msvcrt.dll
0x00007ffa4d9e0000 - 0x00007ffa4da77000 	C:\WINDOWS\System32\sechost.dll
0x00007ffa4c660000 - 0x00007ffa4c780000 	C:\WINDOWS\System32\RPCRT4.dll
0x00007ffa4cd70000 - 0x00007ffa4cf04000 	C:\WINDOWS\System32\USER32.dll
0x00007ffa4bc60000 - 0x00007ffa4bc81000 	C:\WINDOWS\System32\win32u.dll
0x00007ffa4d9b0000 - 0x00007ffa4d9d6000 	C:\WINDOWS\System32\GDI32.dll
0x00007ffa4b9a0000 - 0x00007ffa4bb34000 	C:\WINDOWS\System32\gdi32full.dll
0x00007ffa4c490000 - 0x00007ffa4c52e000 	C:\WINDOWS\System32\msvcp_win.dll
0x00007ffa4b470000 - 0x00007ffa4b56a000 	C:\WINDOWS\System32\ucrtbase.dll
0x00007ffa4a7f0000 - 0x00007ffa4aa75000 	C:\WINDOWS\WinSxS\amd64_microsoft.windows.common-controls_6595b64144ccf1df_6.0.18362.476_none_e6c4b11b130f2595\COMCTL32.dll
0x00007ffa4cf80000 - 0x00007ffa4d2b6000 	C:\WINDOWS\System32\combase.dll
0x00007ffa4c410000 - 0x00007ffa4c490000 	C:\WINDOWS\System32\bcryptPrimitives.dll
0x00007ffa4c900000 - 0x00007ffa4c92e000 	C:\WINDOWS\System32\IMM32.DLL
0x000000005bbd0000 - 0x000000005bca2000 	C:\Program Files\Android\Android Studio\jre\jre\bin\msvcr100.dll
0x000000005bf60000 - 0x000000005c7a6000 	C:\Program Files\Android\Android Studio\jre\jre\bin\server\jvm.dll
0x00007ffa4cf70000 - 0x00007ffa4cf78000 	C:\WINDOWS\System32\PSAPI.DLL
0x00007ffa478c0000 - 0x00007ffa478e4000 	C:\WINDOWS\SYSTEM32\WINMM.dll
0x00007ffa452f0000 - 0x00007ffa452fa000 	C:\WINDOWS\SYSTEM32\VERSION.dll
0x00007ffa321b0000 - 0x00007ffa321b9000 	C:\WINDOWS\SYSTEM32\WSOCK32.dll
0x00007ffa4cc50000 - 0x00007ffa4ccbf000 	C:\WINDOWS\System32\WS2_32.dll
0x00007ffa47890000 - 0x00007ffa478bd000 	C:\WINDOWS\SYSTEM32\winmmbase.dll
0x00007ffa4bc10000 - 0x00007ffa4bc5a000 	C:\WINDOWS\System32\cfgmgr32.dll
0x00007ffa49b40000 - 0x00007ffa49b4f000 	C:\Program Files\Android\Android Studio\jre\jre\bin\verify.dll
0x00007ffa47910000 - 0x00007ffa47939000 	C:\Program Files\Android\Android Studio\jre\jre\bin\java.dll
0x00007ffa44440000 - 0x00007ffa44456000 	C:\Program Files\Android\Android Studio\jre\jre\bin\zip.dll
0x00007ffa4db40000 - 0x00007ffa4e225000 	C:\WINDOWS\System32\SHELL32.dll
0x00007ffa4e390000 - 0x00007ffa4e439000 	C:\WINDOWS\System32\shcore.dll
0x00007ffa4bc90000 - 0x00007ffa4c40e000 	C:\WINDOWS\System32\windows.storage.dll
0x00007ffa4b380000 - 0x00007ffa4b39f000 	C:\WINDOWS\System32\profapi.dll
0x00007ffa4b3c0000 - 0x00007ffa4b40a000 	C:\WINDOWS\System32\powrprof.dll
0x00007ffa4b350000 - 0x00007ffa4b360000 	C:\WINDOWS\System32\UMPDC.dll
0x00007ffa4cf10000 - 0x00007ffa4cf62000 	C:\WINDOWS\System32\shlwapi.dll
0x00007ffa4b3a0000 - 0x00007ffa4b3b1000 	C:\WINDOWS\System32\kernel.appcore.dll
0x00007ffa4bbf0000 - 0x00007ffa4bc07000 	C:\WINDOWS\System32\cryptsp.dll
0x00007ffa3c5d0000 - 0x00007ffa3c5ea000 	C:\Program Files\Android\Android Studio\jre\jre\bin\net.dll
0x00007ffa4a540000 - 0x00007ffa4a5a7000 	C:\WINDOWS\system32\mswsock.dll
0x00007ffa336a0000 - 0x00007ffa336b1000 	C:\Program Files\Android\Android Studio\jre\jre\bin\nio.dll
0x00007ffa14c30000 - 0x00007ffa14c56000 	C:\Users\navde\.gradle\native\29\windows-amd64\native-platform.dll
0x00007ffa49b30000 - 0x00007ffa49b3d000 	C:\Program Files\Android\Android Studio\jre\jre\bin\management.dll
0x00007ffa4a0b0000 - 0x00007ffa4a0e3000 	C:\WINDOWS\system32\rsaenh.dll
0x00007ffa4b6c0000 - 0x00007ffa4b6e6000 	C:\WINDOWS\System32\bcrypt.dll
0x00007ffa4b270000 - 0x00007ffa4b295000 	C:\WINDOWS\SYSTEM32\USERENV.dll
0x00007ffa4a710000 - 0x00007ffa4a71c000 	C:\WINDOWS\SYSTEM32\CRYPTBASE.dll
0x00007ffa4a250000 - 0x00007ffa4a28a000 	C:\WINDOWS\SYSTEM32\IPHLPAPI.DLL
0x00007ffa4cc30000 - 0x00007ffa4cc38000 	C:\WINDOWS\System32\NSI.dll
0x00007ffa3e360000 - 0x00007ffa3e376000 	C:\WINDOWS\SYSTEM32\dhcpcsvc6.DLL
0x00007ffa3e780000 - 0x00007ffa3e79c000 	C:\WINDOWS\SYSTEM32\dhcpcsvc.DLL
0x00007ffa4a2e0000 - 0x00007ffa4a3aa000 	C:\WINDOWS\SYSTEM32\DNSAPI.dll
0x00007ffa4ae70000 - 0x00007ffa4b064000 	C:\WINDOWS\SYSTEM32\dbghelp.dll

VM Arguments:
jvm_args: -Xmx1536m -Dfile.encoding=windows-1252 -Duser.country=IN -Duser.language=en -Duser.variant 
java_command: org.gradle.launcher.daemon.bootstrap.GradleDaemon 5.4.1
java_class_path (initial): C:\Users\navde\.gradle\wrapper\dists\gradle-5.4.1-all\3221gyojl5jsh0helicew7rwx\gradle-5.4.1\lib\gradle-launcher-5.4.1.jar
Launcher Type: SUN_STANDARD

Environment Variables:
PATH=C:\Program Files (x86)\Common Files\Intel\Shared Libraries\redist\intel64\compiler;C:\Program Files (x86)\Intel\iCLS Client\;C:\Program Files\Intel\iCLS Client\;C:\Windows\system32;C:\Windows;C:\Windows\System32\Wbem;C:\Windows\System32\WindowsPowerShell\v1.0\;C:\Program Files (x86)\Intel\Intel(R) Management Engine Components\DAL;C:\Program Files\Intel\Intel(R) Management Engine Components\DAL;C:\Program Files (x86)\Intel\Intel(R) Management Engine Components\IPT;C:\Program Files\Intel\Intel(R) Management Engine Components\IPT;C:\Program Files (x86)\NVIDIA Corporation\PhysX\Common;C:\WINDOWS\system32;C:\WINDOWS;C:\WINDOWS\System32\Wbem;C:\WINDOWS\System32\WindowsPowerShell\v1.0\;C:\WINDOWS\System32\OpenSSH\;C:\Program Files\Intel\WiFi\bin\;C:\Program Files\Common Files\Intel\WirelessCommon\;C:\Program Files\Git\cmd;C:\Users\navde\AppData\Local\Microsoft\WindowsApps;
USERNAME=navde
OS=Windows_NT
PROCESSOR_IDENTIFIER=Intel64 Family 6 Model 142 Stepping 10, GenuineIntel



---------------  S Y S T E M  ---------------

OS: Windows 10.0 , 64 bit Build 18362 (10.0.18362.329)

CPU:total 8 (initial active 8) (4 cores per cpu, 2 threads per core) family 6 model 142 stepping 10, cmov, cx8, fxsr, mmx, sse, sse2, sse3, ssse3, sse4.1, sse4.2, popcnt, avx, avx2, aes, clmul, erms, 3dnowpref, lzcnt, ht, tsc, tscinvbit, bmi1, bmi2, adx

Memory: 4k page, physical 25049316k(15487272k free), swap 28719332k(18090072k free)

vm_info: OpenJDK 64-Bit Server VM (25.202-b03) for windows-amd64 JRE (1.8.0_202-release-1483-b03), built by "builder" with MS VC++ 10.0 (VS2010)

time: Wed Dec 04 22:21:46 2019
timezone: India Standard Time
elapsed time: 2 seconds (0d 0h 0m 2s)

